SF:./app/helpers/application_helper.rb
DA:1,1
end_of_record
SF:./app/models/application_record.rb
DA:1,1
DA:2,1
end_of_record
SF:./app/models/some_model.rb
DA:1,1
DA:2,1
DA:3,1
DA:6,1
DA:7,0
DA:10,1
DA:11,0
DA:14,1
DA:15,0
end_of_record
SF:./config/application.rb
DA:1,1
DA:3,1
DA:7,1
DA:9,1
DA:10,1
DA:12,1
end_of_record
SF:./config/boot.rb
DA:1,1
DA:3,1
DA:4,1
end_of_record
SF:./config/environment.rb
DA:2,1
DA:5,1
end_of_record
SF:./config/environments/test.rb
DA:1,1
DA:8,1
DA:13,1
DA:16,1
DA:17,1
DA:22,1
DA:23,1
DA:26,1
DA:29,1
DA:32,1
DA:34,1
DA:39,1
DA:42,1
end_of_record
SF:./config/initializers/application_controller_renderer.rb

end_of_record
SF:./config/initializers/assets.rb
DA:4,1
DA:9,1
end_of_record
SF:./config/initializers/backtrace_silencers.rb

end_of_record
SF:./config/initializers/content_security_policy.rb

end_of_record
SF:./config/initializers/cookies_serializer.rb
DA:5,1
end_of_record
SF:./config/initializers/filter_parameter_logging.rb
DA:4,1
end_of_record
SF:./config/initializers/inflections.rb

end_of_record
SF:./config/initializers/mime_types.rb

end_of_record
SF:./config/initializers/wrap_parameters.rb
DA:7,1
DA:8,2
end_of_record
SF:./config/routes.rb
DA:1,1
end_of_record
